
Showing logs for build [32mcramte-org-environment-kind1-st-z9q6p-1[0m stage [32mfrom-build-pack[0m and container [32mstep-credential-initializer-n9fwk[0m
{"level":"warn","ts":1580939992.7656662,"logger":"fallback-logger","caller":"logging/config.go:69","msg":"Fetch GitHub commit ID from kodata failed: \"ref: refs/heads/0.8.0-**-support-backwards-incompats\" is not a valid GitHub commit ID"}
{"level":"info","ts":1580939992.7662172,"logger":"fallback-logger","caller":"creds-init/main.go:40","msg":"Credentials initialized."}

Showing logs for build [32mcramte-org-environment-kind1-st-z9q6p-1[0m stage [32mfrom-build-pack[0m and container [32mstep-working-dir-initializer-lkvpr[0m
{"level":"warn","ts":1580939994.1036327,"logger":"fallback-logger","caller":"logging/config.go:69","msg":"Fetch GitHub commit ID from kodata failed: open /var/run/ko/HEAD: no such file or directory"}
{"level":"info","ts":1580939994.1154168,"logger":"fallback-logger","caller":"bash/main.go:64","msg":"Successfully executed command \"sh -c mkdir -p /workspace/source\"; output "}

Showing logs for build [32mcramte-org-environment-kind1-st-z9q6p-1[0m stage [32mfrom-build-pack[0m and container [32mstep-place-tools[0m

Showing logs for build [32mcramte-org-environment-kind1-st-z9q6p-1[0m stage [32mfrom-build-pack[0m and container [32mstep-git-source-cramte-org-environment-kind1-st-z9q6p-74fb2[0m
{"level":"warn","ts":1580939998.163416,"logger":"fallback-logger","caller":"logging/config.go:69","msg":"Fetch GitHub commit ID from kodata failed: \"ref: refs/heads/0.8.0-**-support-backwards-incompats\" is not a valid GitHub commit ID"}
{"level":"info","ts":1580940001.863354,"logger":"fallback-logger","caller":"git/git.go:103","msg":"Successfully cloned https://github.com/******-org/environment-kind1-staging.git @ master in path /workspace/source"}

Showing logs for build [32mcramte-org-environment-kind1-st-z9q6p-1[0m stage [32mfrom-build-pack[0m and container [32mstep-git-merge[0m
Using SHAs from PULL_REFS=master:1c112e0ad749ad518f5ed945eeaf733c888cdc4b,2:2639cc9de9b32475df3d63eef184e5922e179e29
DEBUG: LC_ALL=C JX_LOG_LEVEL=error git fetch origin --unshallow 2639cc9de9b32475df3d63eef184e5922e179e29: 1c112e0ad749ad518f5ed945eeaf733c888cdc4b:
DEBUG: ran git fetch --unshallow origin 2639cc9de9b32475df3d63eef184e5922e179e29: 1c112e0ad749ad518f5ed945eeaf733c888cdc4b: in 
DEBUG: LC_ALL=C JX_LOG_LEVEL=error git branch
DEBUG: JX_LOG_LEVEL=error LC_ALL=C git checkout master
DEBUG: ran git checkout master in 
DEBUG: LC_ALL=C JX_LOG_LEVEL=error git reset --hard 1c112e0ad749ad518f5ed945eeaf733c888cdc4b
DEBUG: ran git reset --hard 1c112e0ad749ad518f5ed945eeaf733c888cdc4b in 
DEBUG: LC_ALL=C JX_LOG_LEVEL=error git clean -fd .
DEBUG: ran clean --force -d . in 
DEBUG: LC_ALL=C JX_LOG_LEVEL=error git merge 2639cc9de9b32475df3d63eef184e5922e179e29
DEBUG: ran git merge 2639cc9de9b32475df3d63eef184e5922e179e29 in 
DEBUG: LC_ALL=C JX_LOG_LEVEL=error git log --format=%H%x1f%an%x1f%ae%x1f%cn%x1f%ce%x1f%s%n%b%x1e 1c112e0ad749ad518f5ed945eeaf733c888cdc4b..HEAD
Merged SHA 2639cc9de9b32475df3d63eef184e5922e179e29 with commit message 'chore: Promote **-qs-python to version 0.0.5' into base branch master

Showing logs for build [32mcramte-org-environment-kind1-st-z9q6p-1[0m stage [32mfrom-build-pack[0m and container [32mstep-build-helm-build[0m
WARNING: No $CHART_REPOSITORY defined so using the default value of: http://jenkins-x-chartmuseum:8080
Adding missing Helm repo: storage.googleapis.com https://storage.googleapis.com/chartmuseum.jenkins-x.io
Successfully added Helm repository storage.googleapis.com.
Adding missing Helm repo: jenkins-x-chartmuseum http://jenkins-x-chartmuseum:8080
Successfully added Helm repository jenkins-x-chartmuseum.
WARNING: No $CHART_REPOSITORY defined so using the default value of: http://jenkins-x-chartmuseum:8080
Adding missing Helm repo: chartmuseum.jenkins-x.io http://chartmuseum.jenkins-x.io
Successfully added Helm repository chartmuseum.jenkins-x.io.
