
Showing logs for build [32mcramte-org-environment-kind1-st-bg5ck-1[0m stage [32mfrom-build-pack[0m and container [32mstep-credential-initializer-zx69t[0m
{"level":"warn","ts":1580936574.5929353,"logger":"fallback-logger","caller":"logging/config.go:69","msg":"Fetch GitHub commit ID from kodata failed: \"ref: refs/heads/0.8.0-**-support-backwards-incompats\" is not a valid GitHub commit ID"}
{"level":"info","ts":1580936574.593346,"logger":"fallback-logger","caller":"creds-init/main.go:40","msg":"Credentials initialized."}

Showing logs for build [32mcramte-org-environment-kind1-st-bg5ck-1[0m stage [32mfrom-build-pack[0m and container [32mstep-working-dir-initializer-kxd96[0m
{"level":"warn","ts":1580936574.9158072,"logger":"fallback-logger","caller":"logging/config.go:69","msg":"Fetch GitHub commit ID from kodata failed: open /var/run/ko/HEAD: no such file or directory"}
{"level":"info","ts":1580936574.9187331,"logger":"fallback-logger","caller":"bash/main.go:64","msg":"Successfully executed command \"sh -c mkdir -p /workspace/source\"; output "}

Showing logs for build [32mcramte-org-environment-kind1-st-bg5ck-1[0m stage [32mfrom-build-pack[0m and container [32mstep-place-tools[0m

Showing logs for build [32mcramte-org-environment-kind1-st-bg5ck-1[0m stage [32mfrom-build-pack[0m and container [32mstep-git-source-cramte-org-environment-kind1-st-bg5ck-cpvmh[0m
{"level":"warn","ts":1580936580.0101614,"logger":"fallback-logger","caller":"logging/config.go:69","msg":"Fetch GitHub commit ID from kodata failed: \"ref: refs/heads/0.8.0-**-support-backwards-incompats\" is not a valid GitHub commit ID"}
{"level":"info","ts":1580936583.8205714,"logger":"fallback-logger","caller":"git/git.go:103","msg":"Successfully cloned https://github.com/******-org/environment-kind1-staging.git @ master in path /workspace/source"}

Showing logs for build [32mcramte-org-environment-kind1-st-bg5ck-1[0m stage [32mfrom-build-pack[0m and container [32mstep-git-merge[0m
Using SHAs from PULL_REFS=master:86eb1ef099a7f3843dfafce526298a2ab15e3924,1:fae12288fb78eacb7d49538cc993a5bf3690956a
DEBUG: JX_LOG_LEVEL=error LC_ALL=C git fetch origin --unshallow fae12288fb78eacb7d49538cc993a5bf3690956a: 86eb1ef099a7f3843dfafce526298a2ab15e3924:
DEBUG: ran git fetch --unshallow origin fae12288fb78eacb7d49538cc993a5bf3690956a: 86eb1ef099a7f3843dfafce526298a2ab15e3924: in 
DEBUG: LC_ALL=C JX_LOG_LEVEL=error git branch
DEBUG: LC_ALL=C JX_LOG_LEVEL=error git checkout master
DEBUG: ran git checkout master in 
DEBUG: LC_ALL=C JX_LOG_LEVEL=error git reset --hard 86eb1ef099a7f3843dfafce526298a2ab15e3924
DEBUG: ran git reset --hard 86eb1ef099a7f3843dfafce526298a2ab15e3924 in 
DEBUG: LC_ALL=C JX_LOG_LEVEL=error git clean -fd .
DEBUG: ran clean --force -d . in 
DEBUG: LC_ALL=C JX_LOG_LEVEL=error git merge fae12288fb78eacb7d49538cc993a5bf3690956a
DEBUG: ran git merge fae12288fb78eacb7d49538cc993a5bf3690956a in 
DEBUG: LC_ALL=C JX_LOG_LEVEL=error git log --format=%H%x1f%an%x1f%ae%x1f%cn%x1f%ce%x1f%s%n%b%x1e 86eb1ef099a7f3843dfafce526298a2ab15e3924..HEAD
Merged SHA fae12288fb78eacb7d49538cc993a5bf3690956a with commit message 'chore: Promote **-qs-python to version 0.0.4' into base branch master

Showing logs for build [32mcramte-org-environment-kind1-st-bg5ck-1[0m stage [32mfrom-build-pack[0m and container [32mstep-build-helm-build[0m
WARNING: No $CHART_REPOSITORY defined so using the default value of: http://jenkins-x-chartmuseum:8080
Adding missing Helm repo: storage.googleapis.com https://storage.googleapis.com/chartmuseum.jenkins-x.io
Successfully added Helm repository storage.googleapis.com.
Adding missing Helm repo: jenkins-x-chartmuseum http://jenkins-x-chartmuseum:8080
Successfully added Helm repository jenkins-x-chartmuseum.
WARNING: No $CHART_REPOSITORY defined so using the default value of: http://jenkins-x-chartmuseum:8080
Adding missing Helm repo: chartmuseum.jenkins-x.io http://chartmuseum.jenkins-x.io
Successfully added Helm repository chartmuseum.jenkins-x.io.
