
Showing logs for build [32mcramte-org-environment-kind1-st-jhjnp-5[0m stage [32mfrom-build-pack[0m and container [32mstep-credential-initializer-dgb76[0m
{"level":"warn","ts":1581015156.0553997,"logger":"fallback-logger","caller":"logging/config.go:69","msg":"Fetch GitHub commit ID from kodata failed: \"ref: refs/heads/0.8.0-**-support-backwards-incompats\" is not a valid GitHub commit ID"}
{"level":"info","ts":1581015156.0559852,"logger":"fallback-logger","caller":"creds-init/main.go:40","msg":"Credentials initialized."}

Showing logs for build [32mcramte-org-environment-kind1-st-jhjnp-5[0m stage [32mfrom-build-pack[0m and container [32mstep-working-dir-initializer-k6l6x[0m
{"level":"warn","ts":1581015156.88724,"logger":"fallback-logger","caller":"logging/config.go:69","msg":"Fetch GitHub commit ID from kodata failed: open /var/run/ko/HEAD: no such file or directory"}
{"level":"info","ts":1581015156.890967,"logger":"fallback-logger","caller":"bash/main.go:64","msg":"Successfully executed command \"sh -c mkdir -p /workspace/source\"; output "}

Showing logs for build [32mcramte-org-environment-kind1-st-jhjnp-5[0m stage [32mfrom-build-pack[0m and container [32mstep-place-tools[0m

Showing logs for build [32mcramte-org-environment-kind1-st-jhjnp-5[0m stage [32mfrom-build-pack[0m and container [32mstep-git-source-cramte-org-environment-kind1-st-jhjnp-2dm4k[0m
{"level":"warn","ts":1581015160.981387,"logger":"fallback-logger","caller":"logging/config.go:69","msg":"Fetch GitHub commit ID from kodata failed: \"ref: refs/heads/0.8.0-**-support-backwards-incompats\" is not a valid GitHub commit ID"}
{"level":"info","ts":1581015162.1854017,"logger":"fallback-logger","caller":"git/git.go:103","msg":"Successfully cloned https://github.com/******-org/environment-kind1-staging.git @ v0.0.5 in path /workspace/source"}

Showing logs for build [32mcramte-org-environment-kind1-st-jhjnp-5[0m stage [32mfrom-build-pack[0m and container [32mstep-git-merge[0m
Using SHAs from PULL_REFS=master:1a955998dadec296f4cceb955fb37c8fee2a7a1c
WARNING: no SHAs to merge, falling back to initial cloned commit

Showing logs for build [32mcramte-org-environment-kind1-st-jhjnp-5[0m stage [32mfrom-build-pack[0m and container [32mstep-setup-jx-git-credentials[0m
Generated Git credentials file /builder/home/git/credentials

Showing logs for build [32mcramte-org-environment-kind1-st-jhjnp-5[0m stage [32mfrom-build-pack[0m and container [32mstep-build-helm-apply[0m
Modified file /workspace/source/env/Chart.yaml to set the chart to version 5
Ignoring templates/.gitignore
Ignoring templates/wildcardcert-secret.yaml
WARNING: No $CHART_REPOSITORY defined so using the default value of: http://jenkins-x-chartmuseum:8080
Adding missing Helm repo: storage.googleapis.com https://storage.googleapis.com/chartmuseum.jenkins-x.io
Successfully added Helm repository storage.googleapis.com.
Adding missing Helm repo: jenkins-x-chartmuseum http://jenkins-x-chartmuseum:8080
Successfully added Helm repository jenkins-x-chartmuseum.
WARNING: No $CHART_REPOSITORY defined so using the default value of: http://jenkins-x-chartmuseum:8080
Adding missing Helm repo: chartmuseum.jenkins-x.io http://chartmuseum.jenkins-x.io
Successfully added Helm repository chartmuseum.jenkins-x.io.

release.jenkins.io "**-qs-python-0.0.5" deleted
