
Showing logs for build [32mcramte-org-environment-kind1-st-bml25-1[0m stage [32mfrom-build-pack[0m and container [32mstep-credential-initializer-knddf[0m
{"level":"warn","ts":1581014998.830231,"logger":"fallback-logger","caller":"logging/config.go:69","msg":"Fetch GitHub commit ID from kodata failed: \"ref: refs/heads/0.8.0-**-support-backwards-incompats\" is not a valid GitHub commit ID"}
{"level":"info","ts":1581014998.8310535,"logger":"fallback-logger","caller":"creds-init/main.go:40","msg":"Credentials initialized."}

Showing logs for build [32mcramte-org-environment-kind1-st-bml25-1[0m stage [32mfrom-build-pack[0m and container [32mstep-working-dir-initializer-lfmh6[0m
{"level":"warn","ts":1581014999.778973,"logger":"fallback-logger","caller":"logging/config.go:69","msg":"Fetch GitHub commit ID from kodata failed: open /var/run/ko/HEAD: no such file or directory"}
{"level":"info","ts":1581014999.802307,"logger":"fallback-logger","caller":"bash/main.go:64","msg":"Successfully executed command \"sh -c mkdir -p /workspace/source\"; output "}

Showing logs for build [32mcramte-org-environment-kind1-st-bml25-1[0m stage [32mfrom-build-pack[0m and container [32mstep-place-tools[0m

Showing logs for build [32mcramte-org-environment-kind1-st-bml25-1[0m stage [32mfrom-build-pack[0m and container [32mstep-git-source-cramte-org-environment-kind1-st-bml25-p568x[0m
{"level":"warn","ts":1581015007.1556346,"logger":"fallback-logger","caller":"logging/config.go:69","msg":"Fetch GitHub commit ID from kodata failed: \"ref: refs/heads/0.8.0-**-support-backwards-incompats\" is not a valid GitHub commit ID"}
{"level":"info","ts":1581015008.756113,"logger":"fallback-logger","caller":"git/git.go:103","msg":"Successfully cloned https://github.com/******-org/environment-kind1-staging.git @ master in path /workspace/source"}

Showing logs for build [32mcramte-org-environment-kind1-st-bml25-1[0m stage [32mfrom-build-pack[0m and container [32mstep-git-merge[0m
Using SHAs from PULL_REFS=master:b1c6612c2a4bb26dcc07196a2cb5a37009c19f5c,3:b68194369620f2d77f86182b93bc639ca765baed
DEBUG: LC_ALL=C JX_LOG_LEVEL=error git fetch origin --unshallow b68194369620f2d77f86182b93bc639ca765baed: b1c6612c2a4bb26dcc07196a2cb5a37009c19f5c:
DEBUG: ran git fetch --unshallow origin b68194369620f2d77f86182b93bc639ca765baed: b1c6612c2a4bb26dcc07196a2cb5a37009c19f5c: in 
DEBUG: LC_ALL=C JX_LOG_LEVEL=error git branch
DEBUG: LC_ALL=C JX_LOG_LEVEL=error git checkout master
DEBUG: ran git checkout master in 
DEBUG: LC_ALL=C JX_LOG_LEVEL=error git reset --hard b1c6612c2a4bb26dcc07196a2cb5a37009c19f5c
DEBUG: ran git reset --hard b1c6612c2a4bb26dcc07196a2cb5a37009c19f5c in 
DEBUG: LC_ALL=C JX_LOG_LEVEL=error git clean -fd .
DEBUG: ran clean --force -d . in 
DEBUG: LC_ALL=C JX_LOG_LEVEL=error git merge b68194369620f2d77f86182b93bc639ca765baed
DEBUG: ran git merge b68194369620f2d77f86182b93bc639ca765baed in 
DEBUG: LC_ALL=C JX_LOG_LEVEL=error git log --format=%H%x1f%an%x1f%ae%x1f%cn%x1f%ce%x1f%s%n%b%x1e b1c6612c2a4bb26dcc07196a2cb5a37009c19f5c..HEAD
Merged SHA b68194369620f2d77f86182b93bc639ca765baed with commit message 'chore: Promote **-qs-python to version 0.0.6' into base branch master

Showing logs for build [32mcramte-org-environment-kind1-st-bml25-1[0m stage [32mfrom-build-pack[0m and container [32mstep-build-helm-build[0m
WARNING: No $CHART_REPOSITORY defined so using the default value of: http://jenkins-x-chartmuseum:8080
Adding missing Helm repo: storage.googleapis.com https://storage.googleapis.com/chartmuseum.jenkins-x.io
Successfully added Helm repository storage.googleapis.com.
Adding missing Helm repo: jenkins-x-chartmuseum http://jenkins-x-chartmuseum:8080
Successfully added Helm repository jenkins-x-chartmuseum.
WARNING: No $CHART_REPOSITORY defined so using the default value of: http://jenkins-x-chartmuseum:8080
Adding missing Helm repo: chartmuseum.jenkins-x.io http://chartmuseum.jenkins-x.io
Successfully added Helm repository chartmuseum.jenkins-x.io.
